<?xml version="1.0" encoding="UTF-8"?>
<testsuite xmlns:xsi="http://www.w3.org/2001/XMLSchema-instance" xsi:noNamespaceSchemaLocation="https://maven.apache.org/surefire/maven-surefire-plugin/xsd/surefire-test-report-3.0.xsd" version="3.0" name="com.idle.shoppingmall.ShoppingMallApplicationTests" time="7.627" tests="1" errors="0" skipped="0" failures="0">
  <properties>
[...]
</properties>
  <testcase name="contextLoads" classname="com.idle.shoppingmall.ShoppingMallApplicationTests" time="0.908">
    <system-out><![CDATA[
  .   ____          _            __ _ _
 /\\ / ___'_ __ _ _(_)_ __  __ _ \ \ \ \
( ( )\___ | '_ | '_| | '_ \/ _` | \ \ \ \
 \\/  ___)| |_)| | | | | || (_| |  ) ) ) )
  '  |____| .__|_| |_|_| |_\__, | / / / /
 =========|_|==============|___/=/_/_/_/
 :: Spring Boot ::                (v3.2.4)

2024-04-15 15:57:34.849 [ INFO] [kground-preinit] o.h.v.i.u.Version              : <clinit>             : 21         : HV000001: Hibernate Validator 8.0.1.Final
2024-04-15 15:57:34.878 [ INFO] [           main] s.ShoppingMallApplicationTests : logStarting          : 50         : Starting ShoppingMallApplicationTests using Java 17.0.8.1 with PID 16712 (started by KIMSW in C:\Users\KIMSW\Desktop\project\ShoppingMall)
2024-04-15 15:57:34.885 [ INFO] [           main] s.ShoppingMallApplicationTests : ogStartupProfileInfo : 654        : No active profile set, falling back to 1 default profile: "default"
2024-04-15 15:57:36.256 [ INFO] [           main] epositoryConfigurationDelegate : gisterRepositoriesIn : 139        : Bootstrapping Spring Data JPA repositories in DEFAULT mode.
2024-04-15 15:57:36.276 [ INFO] [           main] epositoryConfigurationDelegate : gisterRepositoriesIn : 208        : Finished Spring Data repository scanning in 11 ms. Found 0 JPA repository interfaces.
2024-04-15 15:57:36.796 [ INFO] [           main] c.z.h.HikariDataSource         : getConnection        : 110        : HikariPool-1 - Starting...
2024-04-15 15:57:37.050 [ INFO] [           main] c.z.h.p.HikariPool             : checkFailFast        : 565        : HikariPool-1 - Added connection com.mysql.cj.jdbc.ConnectionImpl@13004dd8
2024-04-15 15:57:37.052 [ INFO] [           main] c.z.h.HikariDataSource         : getConnection        : 123        : HikariPool-1 - Start completed.
2024-04-15 15:57:37.099 [ INFO] [           main] o.h.j.i.u.LogHelper            : tenceUnitInformation : 31         : HHH000204: Processing PersistenceUnitInfo [name: default]
2024-04-15 15:57:37.191 [ INFO] [           main] o.h.Version                    : logVersion           : 44         : HHH000412: Hibernate ORM core version 6.4.4.Final
2024-04-15 15:57:37.263 [ INFO] [           main] o.h.c.i.RegionFactoryInitiator : initiateService      : 50         : HHH000026: Second-level cache disabled
2024-04-15 15:57:37.751 [ INFO] [           main] .j.p.SpringPersistenceUnitInfo : addTransformer       : 87         : No LoadTimeWeaver setup: ignoring JPA class transformer
2024-04-15 15:57:38.271 [ INFO] [           main] e.t.j.p.i.JtaPlatformInitiator : initiateService      : 58         : HHH000489: No JTA platform available (set 'hibernate.transaction.jta.platform' to enable JTA platform integration)
2024-04-15 15:57:38.275 [ INFO] [           main] tainerEntityManagerFactoryBean : EntityManagerFactory : 437        : Initialized JPA EntityManagerFactory for persistence unit 'default'
2024-04-15 15:57:39.757 [ WARN] [           main] figuration$JpaWebConfiguration : gerInViewInterceptor : 232        : spring.jpa.open-in-view is enabled by default. Therefore, database queries may be performed during view rendering. Explicitly configure spring.jpa.open-in-view to disable this warning
2024-04-15 15:57:40.250 [ INFO] [           main] s.w.DefaultSecurityFilterChain : <init>               : 54         : Will secure any request with [org.springframework.security.web.session.DisableEncodeUrlFilter@4fce655d, org.springframework.security.web.context.request.async.WebAsyncManagerIntegrationFilter@df5f657, org.springframework.security.web.context.SecurityContextHolderFilter@36a25457, org.springframework.security.web.header.HeaderWriterFilter@5390862e, org.springframework.web.filter.CorsFilter@68908be7, org.springframework.security.web.authentication.logout.LogoutFilter@7f6936cc, org.springframework.security.oauth2.client.web.OAuth2AuthorizationRequestRedirectFilter@69efdfd9, org.springframework.security.oauth2.client.web.OAuth2LoginAuthenticationFilter@49616310, org.springframework.security.web.authentication.UsernamePasswordAuthenticationFilter@1e4bf55b, org.springframework.security.web.savedrequest.RequestCacheAwareFilter@48590849, org.springframework.security.web.servletapi.SecurityContextHolderAwareRequestFilter@6c38f4de, org.springframework.security.web.authentication.AnonymousAuthenticationFilter@1aba8978, org.springframework.security.web.access.ExceptionTranslationFilter@4d204b30, org.springframework.security.web.access.intercept.AuthorizationFilter@762d2e4c]
2024-04-15 15:57:40.700 [ INFO] [           main] s.ShoppingMallApplicationTests : logStarted           : 56         : Started ShoppingMallApplicationTests in 6.106 seconds (process running for 7.16)
]]></system-out>
  </testcase>
</testsuite>